<?xml version="1.0" encoding="UTF-8" ?>
<testsuite failures="0" time="0.712" errors="1" skipped="0" tests="1" name="ec.com.avila.hiperion.servicio.test.UsuarioServicioTest">
  <properties>
[...]
</properties>
  <testcase time="0.609" classname="ec.com.avila.hiperion.servicio.test.UsuarioServicioTest" name="consultarUsuariosTest">
    <error message="No EJB receiver available for handling [appName:,modulename:hiperion_ejb-1.0,distinctname:] combination for invocation context org.jboss.ejb.client.EJBClientInvocationContext@7d8a8ce2" type="java.lang.IllegalStateException">java.lang.IllegalStateException: No EJB receiver available for handling [appName:,modulename:hiperion_ejb-1.0,distinctname:] combination for invocation context org.jboss.ejb.client.EJBClientInvocationContext@7d8a8ce2
	at org.jboss.ejb.client.EJBClientContext.requireEJBReceiver(EJBClientContext.java:584)
	at org.jboss.ejb.client.ReceiverInterceptor.handleInvocation(ReceiverInterceptor.java:119)
	at org.jboss.ejb.client.EJBClientInvocationContext.sendRequest(EJBClientInvocationContext.java:181)
	at org.jboss.ejb.client.EJBInvocationHandler.doInvoke(EJBInvocationHandler.java:136)
	at org.jboss.ejb.client.EJBInvocationHandler.doInvoke(EJBInvocationHandler.java:121)
	at org.jboss.ejb.client.EJBInvocationHandler.invoke(EJBInvocationHandler.java:104)
	at $Proxy5.consultarUsuarios(Unknown Source)
	at ec.com.avila.hiperion.servicio.test.UsuarioServicioTest.consultarUsuariosTest(UsuarioServicioTest.java:28)
	at sun.reflect.NativeMethodAccessorImpl.invoke0(Native Method)
	at sun.reflect.NativeMethodAccessorImpl.invoke(NativeMethodAccessorImpl.java:39)
	at sun.reflect.DelegatingMethodAccessorImpl.invoke(DelegatingMethodAccessorImpl.java:25)
	at java.lang.reflect.Method.invoke(Method.java:597)
	at org.junit.runners.model.FrameworkMethod$1.runReflectiveCall(FrameworkMethod.java:44)
	at org.junit.internal.runners.model.ReflectiveCallable.run(ReflectiveCallable.java:15)
	at org.junit.runners.model.FrameworkMethod.invokeExplosively(FrameworkMethod.java:41)
	at org.junit.internal.runners.statements.InvokeMethod.evaluate(InvokeMethod.java:20)
	at org.junit.internal.runners.statements.RunBefores.evaluate(RunBefores.java:28)
	at org.junit.runners.ParentRunner.runLeaf(ParentRunner.java:263)
	at org.junit.runners.BlockJUnit4ClassRunner.runChild(BlockJUnit4ClassRunner.java:69)
	at org.junit.runners.BlockJUnit4ClassRunner.runChild(BlockJUnit4ClassRunner.java:48)
	at org.junit.runners.ParentRunner$3.run(ParentRunner.java:231)
	at org.junit.runners.ParentRunner$1.schedule(ParentRunner.java:60)
	at org.junit.runners.ParentRunner.runChildren(ParentRunner.java:229)
	at org.junit.runners.ParentRunner.access$000(ParentRunner.java:50)
	at org.junit.runners.ParentRunner$2.evaluate(ParentRunner.java:222)
	at org.junit.runners.ParentRunner.run(ParentRunner.java:292)
	at org.apache.maven.surefire.junit4.JUnit4TestSet.execute(JUnit4TestSet.java:53)
	at org.apache.maven.surefire.junit4.JUnit4Provider.executeTestSet(JUnit4Provider.java:123)
	at org.apache.maven.surefire.junit4.JUnit4Provider.invoke(JUnit4Provider.java:104)
	at sun.reflect.NativeMethodAccessorImpl.invoke0(Native Method)
	at sun.reflect.NativeMethodAccessorImpl.invoke(NativeMethodAccessorImpl.java:39)
	at sun.reflect.DelegatingMethodAccessorImpl.invoke(DelegatingMethodAccessorImpl.java:25)
	at java.lang.reflect.Method.invoke(Method.java:597)
	at org.apache.maven.surefire.util.ReflectionUtils.invokeMethodWithArray(ReflectionUtils.java:164)
	at org.apache.maven.surefire.booter.ProviderFactory$ProviderProxy.invoke(ProviderFactory.java:110)
	at org.apache.maven.surefire.booter.SurefireStarter.invokeProvider(SurefireStarter.java:175)
	at org.apache.maven.surefire.booter.SurefireStarter.runSuitesInProcessWhenForked(SurefireStarter.java:107)
	at org.apache.maven.surefire.booter.ForkedBooter.main(ForkedBooter.java:68)
</error>
    <system-err>19/11/2013 12:25:37 PM org.jboss.ejb.client.EJBClient &lt;clinit&gt;
INFO: JBoss EJB Client version 1.0.5.Final
19/11/2013 12:25:37 PM org.xnio.Xnio &lt;clinit&gt;
INFO: XNIO Version 3.0.3.GA
19/11/2013 12:25:37 PM org.xnio.nio.NioXnio &lt;clinit&gt;
INFO: XNIO NIO Implementation Version 3.0.3.GA
19/11/2013 12:25:37 PM org.jboss.remoting3.EndpointImpl &lt;clinit&gt;
INFO: JBoss Remoting version 3.2.3.GA
19/11/2013 12:25:37 PM org.jboss.ejb.client.remoting.VersionReceiver handleMessage
INFO: Received server version 1 and marshalling strategies [river]
19/11/2013 12:25:37 PM org.jboss.ejb.client.remoting.RemotingConnectionEJBReceiver associate
INFO: Successful version handshake completed for receiver context EJBReceiverContext{clientContext=org.jboss.ejb.client.EJBClientContext@71f1235b, receiver=Remoting connection EJB receiver [connection=Remoting connection &lt;28ab54eb&gt;,channel=jboss.ejb,nodename=darvin-kruger]} on channel Channel ID afd8fa56 (outbound) of Remoting connection 224c47db to localhost/127.0.0.1:4447
19/11/2013 12:25:37 PM org.jboss.ejb.client.remoting.ChannelAssociation$ResponseReceiver handleMessage
WARN: Unsupported message received with header 0xffffffff
</system-err>
  </testcase>
</testsuite>